<?xml version="1.0" encoding="UTF-8"?>
<!-- Generated by org.testng.reporters.JUnitReportReporter -->
<testsuite skipped="0" hostname="Laptop-Prashant" name="com.seleniumframeworktest.scripts.TC02" tests="1" failures="0" timestamp="2020-10-18T19:22:15 CDT" time="5.009" errors="0">
  <testcase name="excel_Login_Logout" time="5.009" classname="com.seleniumframeworktest.scripts.TC02"/>
</testsuite> <!-- com.seleniumframeworktest.scripts.TC02 -->
