<?xml version="1.0" encoding="UTF-8"?>
<!-- Generated by org.testng.reporters.JUnitReportReporter -->
<testsuite skipped="0" hostname="Laptop-Prashant" name="com.seleniumframeworktest.config.startBrowser" tests="1" failures="0" timestamp="2020-10-18T16:18:26 CDT" time="0.720" errors="0">
  <testcase name="launch" time="0.720" classname="com.seleniumframeworktest.config.startBrowser"/>
</testsuite> <!-- com.seleniumframeworktest.config.startBrowser -->
